Started render process: /tmp/.mount_kdenlisWGZow/usr/bin/melt -progress /tmp/kdenlive-uoQlZO.mlt out=10191
[mp3 @ 0x20341c0] Estimating duration from bitrate, this may be inaccurate[mp3 @ 0x2087e80] Estimating duration from bitrate, this may be inaccuratelibpng warning: iCCP: known incorrect sRGB profilelibpng warning: iCCP: known incorrect sRGB profilelibpng warning: iCCP: known incorrect sRGB profilelibpng warning: iCCP: known incorrect sRGB profilelibpng warning: iCCP: known incorrect sRGB profilelibpng warning: iCCP: known incorrect sRGB profilelibpng warning: iCCP: known incorrect sRGB profilelibpng warning: iCCP: known incorrect sRGB profilelibpng warning: iCCP: known incorrect sRGB profilelibpng warning: iCCP: known incorrect sRGB profilelibpng warning: iCCP: known incorrect sRGB profile[mp3 @ 0x2da0300]Estimating duration from bitrate, this may be inaccurate[mp3 @ 0x2da5a40]Estimating duration from bitrate, this may be inaccurate[wav @ 0x36e0bc0] Discarding ID3 tags because more suitable tags were found.[wav @ 0x2e85900]Discarding ID3 tags because more suitable tags were found.[mp3 @ 0x3718840]Estimating duration from bitrate, this may be inaccurate[mp3 @ 0x37284c0]Estimating duration from bitrate, this may be inaccurate[mp3 @ 0x373db40] Estimating duration from bitrate, this may be inaccurate[mp3 @ 0x3763240] Estimating duration from bitrate, this may be inaccurate[mp3 @ 0x377d080] Estimating duration from bitrate, this may be inaccurate[mp3 @ 0x37b77c0] Estimating duration from bitrate, this may be inaccurate[wav @ 0x37a7540] Discarding ID3 tags because more suitable tags were found.[wav @ 0x37c0540]Discarding ID3 tags because more suitable tags were found.libpng warning: iCCP: known incorrect sRGB profile[mp3 @ 0x280bac0]Estimating duration from bitrate, this may be inaccurate[mp3 @ 0x2836900]Estimating duration from bitrate, this may be inaccurate[mp3 @ 0x2837580] Estimating duration from bitrate, this may be inaccurate[mp3 @ 0x283bfc0] Estimating duration from bitrate, this may be inaccurate[mp3 @ 0x286c9c0] Estimating duration from bitrate, this may be inaccurate[mp3 @ 0x284fd40] Estimating duration from bitrate, this may be inaccurate[mp3 @ 0x2858100] Estimating duration from bitrate, this may be inaccurate[mp3 @ 0x28bc0c0] Estimating duration from bitrate, this may be inaccurate[mp3 @ 0x28c36c0] Estimating duration from bitrate, this may be inaccurate[mp3 @ 0x28d1fc0] Estimating duration from bitrate, this may be inaccurate[mp3 @ 0x285e9c0] Estimating duration from bitrate, this may be inaccurate[mp3 @ 0x28f1f80] Estimating duration from bitrate, this may be inaccurate[mp3 @ 0x292a600] Estimating duration from bitrate, this may be inaccurate[mp3 @ 0x292cb40] Estimating duration from bitrate, this may be inaccurate[mp3 @ 0x387cc80] Estimating duration from bitrate, this may be inaccurate[mp3 @ 0x2a9f700] Estimating duration from bitrate, this may be inaccurate[mp3 @ 0x2afd300] Estimating duration from bitrate, this may be inaccurate[mp3 @ 0x38d5e80] Estimating duration from bitrate, this may be inaccurate[mp3 @ 0x2b245c0] Estimating duration from bitrate, this may be inaccurate[mp3 @ 0x2b0e300] Estimating duration from bitrate, this may be inaccurate[mp3 @ 0x388af80] Estimating duration from bitrate, this may be inaccurate[mp3 @ 0x3906b00] Estimating duration from bitrate, this may be inaccurate[mp3 @ 0x3910b40] Estimating duration from bitrate, this may be inaccurate[mp3 @ 0x38b6900] Estimating duration from bitrate, this may be inaccurate[mp3 @ 0x394b300] Estimating duration from bitrate, this may be inaccurate[mp3 @ 0x395cd40] Estimating duration from bitrate, this may be inaccurate[mp3 @ 0x39a8d40] Estimating duration from bitrate, this may be inaccurate[mp3 @ 0x399cc00] Estimating duration from bitrate, this may be inaccurate[mp3 @ 0x39d89c0] Estimating duration from bitrate, this may be inaccurate[mp3 @ 0x39e4340] Estimating duration from bitrate, this may be inaccurate[mp3 @ 0x39e7900] Estimating duration from bitrate, this may be inaccurate[mp3 @ 0x39e8280] Estimating duration from bitrate, this may be inaccurate[mp3 @ 0x3a0cb40] Estimating duration from bitrate, this may be inaccurate[mp3 @ 0x3a23100] Estimating duration from bitrate, this may be inaccurate[mp3 @ 0x7f80d8018800] Estimating duration from bitrate, this may be inaccurate[mp3 @ 0x7f80d806ccc0] Estimating duration from bitrate, this may be inaccurate28	102	1
[mp3float @ 0x7f80dbeecc80] Could not update timestamps for skipped samples.40	204	2
[mp3float @ 0x7f80dbeecc80] Could not update timestamps for skipped samples.52	306	3
63	408	4
75	510	5
88	612	6
101	714	7
[swscaler @ 0x7f80d85774c0] Warning: data is not aligned! This can lead to a speed loss114	816	8
[wav @ 0x7f80dbd707c0] Discarding ID3 tags because more suitable tags were found.[wav @ 0x7f80d8127900] Discarding ID3 tags because more suitable tags were found.127	918	9
137	1020	10
[mp3 @ 0x7f80d81246c0]Estimating duration from bitrate, this may be inaccurate[mp3 @ 0x7f80d82a1980]Estimating duration from bitrate, this may be inaccurate[wav @ 0x7f80d82a3780]Discarding ID3 tags because more suitable tags were found.[wav @ 0x7f80d85a23c0]Discarding ID3 tags because more suitable tags were found.147	1122	11
157	1224	12
167	1325	13
176	1427	14
187	1529	15
[mp3 @ 0x7f80dbee88c0] Estimating duration from bitrate, this may be inaccurate[mp3 @ 0x7f80d82080c0] Estimating duration from bitrate, this may be inaccurate198	1631	16
209	1733	17
220	1835	18
[mp3 @ 0x7f80d80846c0] Estimating duration from bitrate, this may be inaccurate[mp3 @ 0x7f80d8207e80] Estimating duration from bitrate, this may be inaccurate[mp3 @ 0x7f80dbff6dc0]Estimating duration from bitrate, this may be inaccurate[mp3 @ 0x7f80d805af40]Estimating duration from bitrate, this may be inaccurate229	1937	19
[mp3float @ 0x7f80d800bf00]Could not update timestamps for skipped samples.238	2039	20
[mp3float @ 0x7f80d800bf00] Could not update timestamps for discarded samples.246	2141	21
[mp3 @ 0x7f80d85e0c40] Estimating duration from bitrate, this may be inaccurate[mp3 @ 0x7f80d82618c0] Estimating duration from bitrate, this may be inaccurate[mp3 @ 0x7f80d85ad980] Estimating duration from bitrate, this may be inaccurate256	2243	22
267	2345	23
[mp3 @ 0x7f80d81b78c0]Estimating duration from bitrate, this may be inaccurate[mp3 @ 0x7f80d85b0f40]Estimating duration from bitrate, this may be inaccurate[mp3 @ 0x7f80d8079ac0] Estimating duration from bitrate, this may be inaccurate[mp3 @ 0x7f80d80a97c0] Estimating duration from bitrate, this may be inaccurate279	2447	24
[mp3 @ 0x7f80d82a39c0] Estimating duration from bitrate, this may be inaccurate[mp3 @ 0x7f80dbe3d9c0] Estimating duration from bitrate, this may be inaccurate291	2548	25
302	2650	26
312	2752	27
321	2854	28
329	2956	29
[mp3 @ 0x7f80dbd7ca40]Estimating duration from bitrate, this may be inaccurate[mp3 @ 0x7f80a857f500]Estimating duration from bitrate, this may be inaccurate338	3058	30
346	3160	31
[mp3float @ 0x7f80d8057100] Could not update timestamps for skipped samples.356	3262	32
[mp3float @ 0x7f80d8057100] Could not update timestamps for discarded samples.368	3364	33
Job aborted by user
